{"C:\\Users\\omkar\\OneDrive\\Desktop\\relevel\\Notifiaction\\controller\\ticketNotification.controller.js": {"path":"C:\\Users\\omkar\\OneDrive\\Desktop\\relevel\\Notifiaction\\controller\\ticketNotification.controller.js","statementMap":{"0":{"start":{"line":1,"column":21},"end":{"line":1,"column":56}},"1":{"start":{"line":2,"column":19},"end":{"line":2,"column":53}},"2":{"start":{"line":4,"column":0},"end":{"line":30,"column":2}},"3":{"start":{"line":5,"column":29},"end":{"line":11,"column":3}},"4":{"start":{"line":13,"column":2},"end":{"line":29,"column":3}},"5":{"start":{"line":14,"column":25},"end":{"line":14,"column":70}},"6":{"start":{"line":16,"column":4},"end":{"line":24,"column":5}},"7":{"start":{"line":17,"column":6},"end":{"line":21,"column":9}},"8":{"start":{"line":23,"column":6},"end":{"line":23,"column":66}},"9":{"start":{"line":26,"column":4},"end":{"line":28,"column":57}},"10":{"start":{"line":32,"column":0},"end":{"line":43,"column":2}},"11":{"start":{"line":33,"column":2},"end":{"line":42,"column":3}},"12":{"start":{"line":34,"column":23},"end":{"line":34,"column":65}},"13":{"start":{"line":35,"column":4},"end":{"line":39,"column":5}},"14":{"start":{"line":36,"column":6},"end":{"line":36,"column":48}},"15":{"start":{"line":38,"column":6},"end":{"line":38,"column":54}},"16":{"start":{"line":41,"column":4},"end":{"line":41,"column":50}},"17":{"start":{"line":45,"column":0},"end":{"line":68,"column":2}},"18":{"start":{"line":46,"column":2},"end":{"line":67,"column":3}},"19":{"start":{"line":47,"column":23},"end":{"line":47,"column":65}},"20":{"start":{"line":49,"column":4},"end":{"line":63,"column":5}},"21":{"start":{"line":50,"column":21},"end":{"line":55,"column":7}},"22":{"start":{"line":56,"column":19},"end":{"line":56,"column":56}},"23":{"start":{"line":57,"column":6},"end":{"line":57,"column":26}},"24":{"start":{"line":58,"column":6},"end":{"line":58,"column":42}},"25":{"start":{"line":59,"column":11},"end":{"line":63,"column":5}},"26":{"start":{"line":60,"column":6},"end":{"line":60,"column":55}},"27":{"start":{"line":62,"column":6},"end":{"line":62,"column":59}},"28":{"start":{"line":65,"column":4},"end":{"line":65,"column":21}},"29":{"start":{"line":66,"column":4},"end":{"line":66,"column":50}}},"fnMap":{"0":{"name":"(anonymous_0)","decl":{"start":{"line":4,"column":29},"end":{"line":4,"column":30}},"loc":{"start":{"line":4,"column":49},"end":{"line":30,"column":1}},"line":4},"1":{"name":"(anonymous_1)","decl":{"start":{"line":32,"column":26},"end":{"line":32,"column":27}},"loc":{"start":{"line":32,"column":46},"end":{"line":43,"column":1}},"line":32},"2":{"name":"(anonymous_2)","decl":{"start":{"line":45,"column":20},"end":{"line":45,"column":21}},"loc":{"start":{"line":45,"column":40},"end":{"line":68,"column":1}},"line":45}},"branchMap":{"0":{"loc":{"start":{"line":16,"column":4},"end":{"line":24,"column":5}},"type":"if","locations":[{"start":{"line":16,"column":4},"end":{"line":24,"column":5}},{"start":{"line":22,"column":11},"end":{"line":24,"column":5}}],"line":16},"1":{"loc":{"start":{"line":35,"column":4},"end":{"line":39,"column":5}},"type":"if","locations":[{"start":{"line":35,"column":4},"end":{"line":39,"column":5}},{"start":{"line":37,"column":11},"end":{"line":39,"column":5}}],"line":35},"2":{"loc":{"start":{"line":49,"column":4},"end":{"line":63,"column":5}},"type":"if","locations":[{"start":{"line":49,"column":4},"end":{"line":63,"column":5}},{"start":{"line":59,"column":11},"end":{"line":63,"column":5}}],"line":49},"3":{"loc":{"start":{"line":49,"column":8},"end":{"line":49,"column":57}},"type":"binary-expr","locations":[{"start":{"line":49,"column":8},"end":{"line":49,"column":20}},{"start":{"line":49,"column":24},"end":{"line":49,"column":57}}],"line":49},"4":{"loc":{"start":{"line":59,"column":11},"end":{"line":63,"column":5}},"type":"if","locations":[{"start":{"line":59,"column":11},"end":{"line":63,"column":5}},{"start":{"line":61,"column":11},"end":{"line":63,"column":5}}],"line":59},"5":{"loc":{"start":{"line":59,"column":15},"end":{"line":59,"column":64}},"type":"binary-expr","locations":[{"start":{"line":59,"column":15},"end":{"line":59,"column":27}},{"start":{"line":59,"column":31},"end":{"line":59,"column":64}}],"line":59}},"s":{"0":1,"1":1,"2":1,"3":3,"4":3,"5":3,"6":2,"7":1,"8":1,"9":1,"10":1,"11":3,"12":3,"13":2,"14":1,"15":1,"16":1,"17":1,"18":4,"19":4,"20":3,"21":1,"22":1,"23":1,"24":1,"25":2,"26":1,"27":1,"28":1,"29":1},"f":{"0":3,"1":3,"2":4},"b":{"0":[1,1],"1":[1,1],"2":[1,2],"3":[3,2],"4":[1,1],"5":[2,1]},"_coverageSchema":"1a1c01bbd47fc00a2c39e90264f33305004495a9","hash":"401699fe3166e8e3e9e1fc6970ec9c3ab2bc9a26"}
,"C:\\Users\\omkar\\OneDrive\\Desktop\\relevel\\Notifiaction\\middlewares\\validateNotification.js": {"path":"C:\\Users\\omkar\\OneDrive\\Desktop\\relevel\\Notifiaction\\middlewares\\validateNotification.js","statementMap":{"0":{"start":{"line":1,"column":15},"end":{"line":1,"column":34}},"1":{"start":{"line":2,"column":15},"end":{"line":2,"column":38}},"2":{"start":{"line":4,"column":0},"end":{"line":18,"column":1}},"3":{"start":{"line":5,"column":4},"end":{"line":17,"column":5}},"4":{"start":{"line":6,"column":8},"end":{"line":6,"column":56}},"5":{"start":{"line":7,"column":9},"end":{"line":17,"column":5}},"6":{"start":{"line":8,"column":8},"end":{"line":8,"column":82}},"7":{"start":{"line":9,"column":9},"end":{"line":17,"column":5}},"8":{"start":{"line":10,"column":8},"end":{"line":10,"column":82}},"9":{"start":{"line":11,"column":9},"end":{"line":17,"column":5}},"10":{"start":{"line":12,"column":8},"end":{"line":12,"column":62}},"11":{"start":{"line":13,"column":9},"end":{"line":17,"column":5}},"12":{"start":{"line":14,"column":8},"end":{"line":14,"column":56}},"13":{"start":{"line":16,"column":8},"end":{"line":16,"column":14}},"14":{"start":{"line":22,"column":0},"end":{"line":27,"column":1}},"15":{"start":{"line":23,"column":4},"end":{"line":25,"column":5}},"16":{"start":{"line":24,"column":8},"end":{"line":24,"column":14}},"17":{"start":{"line":26,"column":4},"end":{"line":26,"column":58}}},"fnMap":{"0":{"name":"(anonymous_0)","decl":{"start":{"line":4,"column":31},"end":{"line":4,"column":32}},"loc":{"start":{"line":4,"column":51},"end":{"line":18,"column":1}},"line":4},"1":{"name":"(anonymous_1)","decl":{"start":{"line":22,"column":33},"end":{"line":22,"column":34}},"loc":{"start":{"line":22,"column":53},"end":{"line":27,"column":1}},"line":22}},"branchMap":{"0":{"loc":{"start":{"line":5,"column":4},"end":{"line":17,"column":5}},"type":"if","locations":[{"start":{"line":5,"column":4},"end":{"line":17,"column":5}},{"start":{"line":7,"column":9},"end":{"line":17,"column":5}}],"line":5},"1":{"loc":{"start":{"line":5,"column":8},"end":{"line":5,"column":66}},"type":"binary-expr","locations":[{"start":{"line":5,"column":8},"end":{"line":5,"column":26}},{"start":{"line":5,"column":30},"end":{"line":5,"column":66}}],"line":5},"2":{"loc":{"start":{"line":7,"column":9},"end":{"line":17,"column":5}},"type":"if","locations":[{"start":{"line":7,"column":9},"end":{"line":17,"column":5}},{"start":{"line":9,"column":9},"end":{"line":17,"column":5}}],"line":7},"3":{"loc":{"start":{"line":7,"column":13},"end":{"line":7,"column":55}},"type":"binary-expr","locations":[{"start":{"line":7,"column":13},"end":{"line":7,"column":30}},{"start":{"line":7,"column":34},"end":{"line":7,"column":55}}],"line":7},"4":{"loc":{"start":{"line":9,"column":9},"end":{"line":17,"column":5}},"type":"if","locations":[{"start":{"line":9,"column":9},"end":{"line":17,"column":5}},{"start":{"line":11,"column":9},"end":{"line":17,"column":5}}],"line":9},"5":{"loc":{"start":{"line":9,"column":13},"end":{"line":9,"column":55}},"type":"binary-expr","locations":[{"start":{"line":9,"column":13},"end":{"line":9,"column":30}},{"start":{"line":9,"column":34},"end":{"line":9,"column":55}}],"line":9},"6":{"loc":{"start":{"line":11,"column":9},"end":{"line":17,"column":5}},"type":"if","locations":[{"start":{"line":11,"column":9},"end":{"line":17,"column":5}},{"start":{"line":13,"column":9},"end":{"line":17,"column":5}}],"line":11},"7":{"loc":{"start":{"line":13,"column":9},"end":{"line":17,"column":5}},"type":"if","locations":[{"start":{"line":13,"column":9},"end":{"line":17,"column":5}},{"start":{"line":15,"column":9},"end":{"line":17,"column":5}}],"line":13},"8":{"loc":{"start":{"line":23,"column":4},"end":{"line":25,"column":5}},"type":"if","locations":[{"start":{"line":23,"column":4},"end":{"line":25,"column":5}},{"start":{},"end":{}}],"line":23}},"s":{"0":1,"1":1,"2":1,"3":6,"4":1,"5":5,"6":1,"7":4,"8":1,"9":3,"10":1,"11":2,"12":1,"13":1,"14":1,"15":2,"16":1,"17":2},"f":{"0":6,"1":2},"b":{"0":[1,5],"1":[6,5],"2":[1,4],"3":[5,4],"4":[1,3],"5":[4,3],"6":[1,2],"7":[1,1],"8":[1,1]},"_coverageSchema":"1a1c01bbd47fc00a2c39e90264f33305004495a9","hash":"35f49c9f5368b4e8016695aca4d7f11fc17dfd77"}
,"C:\\Users\\omkar\\OneDrive\\Desktop\\relevel\\Notifiaction\\model\\Notification.js": {"path":"C:\\Users\\omkar\\OneDrive\\Desktop\\relevel\\Notifiaction\\model\\Notification.js","statementMap":{"0":{"start":{"line":1,"column":17},"end":{"line":1,"column":36}},"1":{"start":{"line":3,"column":27},"end":{"line":37,"column":2}},"2":{"start":{"line":39,"column":0},"end":{"line":39,"column":68}}},"fnMap":{},"branchMap":{},"s":{"0":1,"1":1,"2":1},"f":{},"b":{},"_coverageSchema":"1a1c01bbd47fc00a2c39e90264f33305004495a9","hash":"7e3538c9ea9b12ce869de7c658389681f8179d31"}
,"C:\\Users\\omkar\\OneDrive\\Desktop\\relevel\\Notifiaction\\notifier\\emailService.js": {"path":"C:\\Users\\omkar\\OneDrive\\Desktop\\relevel\\Notifiaction\\notifier\\emailService.js","statementMap":{"0":{"start":{"line":1,"column":17},"end":{"line":1,"column":38}},"1":{"start":{"line":3,"column":0},"end":{"line":11,"column":3}}},"fnMap":{},"branchMap":{},"s":{"0":1,"1":1},"f":{},"b":{},"_coverageSchema":"1a1c01bbd47fc00a2c39e90264f33305004495a9","hash":"6a17c8274b7b35a70a96ac0d6828d2a42c7a6861"}
,"C:\\Users\\omkar\\OneDrive\\Desktop\\relevel\\Notifiaction\\test\\interceptor.js": {"path":"C:\\Users\\omkar\\OneDrive\\Desktop\\relevel\\Notifiaction\\test\\interceptor.js","statementMap":{"0":{"start":{"line":1,"column":0},"end":{"line":20,"column":1}},"1":{"start":{"line":3,"column":18},"end":{"line":3,"column":20}},"2":{"start":{"line":4,"column":8},"end":{"line":4,"column":49}},"3":{"start":{"line":5,"column":8},"end":{"line":5,"column":51}},"4":{"start":{"line":6,"column":8},"end":{"line":6,"column":52}},"5":{"start":{"line":7,"column":8},"end":{"line":7,"column":18}},"6":{"start":{"line":10,"column":18},"end":{"line":10,"column":20}},"7":{"start":{"line":11,"column":8},"end":{"line":11,"column":51}},"8":{"start":{"line":12,"column":8},"end":{"line":12,"column":49}},"9":{"start":{"line":13,"column":8},"end":{"line":13,"column":49}},"10":{"start":{"line":14,"column":8},"end":{"line":14,"column":18}},"11":{"start":{"line":17,"column":19},"end":{"line":17,"column":52}},"12":{"start":{"line":18,"column":8},"end":{"line":18,"column":19}}},"fnMap":{"0":{"name":"(anonymous_0)","decl":{"start":{"line":2,"column":13},"end":{"line":2,"column":14}},"loc":{"start":{"line":2,"column":19},"end":{"line":8,"column":5}},"line":2},"1":{"name":"(anonymous_1)","decl":{"start":{"line":9,"column":13},"end":{"line":9,"column":14}},"loc":{"start":{"line":9,"column":19},"end":{"line":15,"column":5}},"line":9},"2":{"name":"(anonymous_2)","decl":{"start":{"line":16,"column":13},"end":{"line":16,"column":14}},"loc":{"start":{"line":16,"column":17},"end":{"line":19,"column":5}},"line":16}},"branchMap":{},"s":{"0":2,"1":18,"2":18,"3":18,"4":18,"5":18,"6":18,"7":18,"8":18,"9":18,"10":18,"11":8,"12":8},"f":{"0":18,"1":18,"2":8},"b":{},"_coverageSchema":"1a1c01bbd47fc00a2c39e90264f33305004495a9","hash":"a1f4ed2685d989b22b57040c64811d10201f943e"}
}
