TN:
SF:controller\ticketNotification.controller.js
FN:4,(anonymous_0)
FN:32,(anonymous_1)
FN:45,(anonymous_2)
FNF:3
FNH:3
FNDA:3,(anonymous_0)
FNDA:3,(anonymous_1)
FNDA:4,(anonymous_2)
DA:1,1
DA:2,1
DA:4,1
DA:5,3
DA:13,3
DA:14,3
DA:16,2
DA:17,1
DA:23,1
DA:26,1
DA:32,1
DA:33,3
DA:34,3
DA:35,2
DA:36,1
DA:38,1
DA:41,1
DA:45,1
DA:46,4
DA:47,4
DA:49,3
DA:50,1
DA:56,1
DA:57,1
DA:58,1
DA:59,2
DA:60,1
DA:62,1
DA:65,1
DA:66,1
LF:30
LH:30
BRDA:16,0,0,1
BRDA:16,0,1,1
BRDA:35,1,0,1
BRDA:35,1,1,1
BRDA:49,2,0,1
BRDA:49,2,1,2
BRDA:49,3,0,3
BRDA:49,3,1,2
BRDA:59,4,0,1
BRDA:59,4,1,1
BRDA:59,5,0,2
BRDA:59,5,1,1
BRF:12
BRH:12
end_of_record
TN:
SF:middlewares\validateNotification.js
FN:4,(anonymous_0)
FN:22,(anonymous_1)
FNF:2
FNH:2
FNDA:6,(anonymous_0)
FNDA:2,(anonymous_1)
DA:1,1
DA:2,1
DA:4,1
DA:5,6
DA:6,1
DA:7,5
DA:8,1
DA:9,4
DA:10,1
DA:11,3
DA:12,1
DA:13,2
DA:14,1
DA:16,1
DA:22,1
DA:23,2
DA:24,1
DA:26,2
LF:18
LH:18
BRDA:5,0,0,1
BRDA:5,0,1,5
BRDA:5,1,0,6
BRDA:5,1,1,5
BRDA:7,2,0,1
BRDA:7,2,1,4
BRDA:7,3,0,5
BRDA:7,3,1,4
BRDA:9,4,0,1
BRDA:9,4,1,3
BRDA:9,5,0,4
BRDA:9,5,1,3
BRDA:11,6,0,1
BRDA:11,6,1,2
BRDA:13,7,0,1
BRDA:13,7,1,1
BRDA:23,8,0,1
BRDA:23,8,1,1
BRF:18
BRH:18
end_of_record
TN:
SF:model\Notification.js
FNF:0
FNH:0
DA:1,1
DA:3,1
DA:39,1
LF:3
LH:3
BRF:0
BRH:0
end_of_record
TN:
SF:notifier\emailService.js
FNF:0
FNH:0
DA:1,1
DA:3,1
LF:2
LH:2
BRF:0
BRH:0
end_of_record
TN:
SF:test\interceptor.js
FN:2,(anonymous_0)
FN:9,(anonymous_1)
FN:16,(anonymous_2)
FNF:3
FNH:3
FNDA:18,(anonymous_0)
FNDA:18,(anonymous_1)
FNDA:8,(anonymous_2)
DA:1,2
DA:3,18
DA:4,18
DA:5,18
DA:6,18
DA:7,18
DA:10,18
DA:11,18
DA:12,18
DA:13,18
DA:14,18
DA:17,8
DA:18,8
LF:13
LH:13
BRF:0
BRH:0
end_of_record
